<?xml version="1.0" encoding="UTF-8"?>
<!-- Generated by org.testng.reporters.JUnitReportReporter -->
<testsuite hostname="DESKTOP-EVMBIJ5" failures="0" tests="1" name="sun7.DataModelTest" time="0.050" errors="0" timestamp="13 Apr 2022 06:25:31 GMT">
  <testcase classname="sun7.DataModelTest" name="areHelloWorldTwoWords" time="0.050"/>
</testsuite> <!-- sun7.DataModelTest -->
